{
  "RSpec": {
    "coverage": {
      "/Users/ryansmith/Turing/3mod/ics/nearest-fuel-station/spec/features/search/index_spec.rb": {
        "lines": [
          1,
          null,
          1,
          1,
          null,
          null,
          3,
          null,
          3,
          null,
          3,
          null,
          null,
          1,
          1,
          null,
          null,
          1,
          1,
          null,
          null,
          null,
          1,
          null,
          1,
          null,
          1,
          null,
          1,
          null,
          null,
          1,
          1,
          1,
          null,
          null,
          1,
          null,
          1,
          null,
          1,
          0,
          null,
          null,
          null,
          null
        ]
      },
      "/Users/ryansmith/Turing/3mod/ics/nearest-fuel-station/spec/rails_helper.rb": {
        "lines": [
          null,
          1,
          1,
          1,
          null,
          1,
          1,
          null,
          null,
          null,
          null,
          null,
          null,
          null,
          null,
          null,
          null,
          null,
          null,
          null,
          null,
          null,
          null,
          null,
          null,
          null,
          null,
          1,
          null,
          0,
          0,
          null,
          1,
          1,
          1,
          null,
          1,
          null,
          null,
          null,
          null,
          1,
          null,
          null,
          null,
          1,
          null,
          null,
          null,
          null,
          null,
          null,
          null,
          null,
          null,
          null,
          null,
          null,
          null,
          1,
          null,
          null,
          1,
          null,
          null,
          null,
          null,
          1,
          1,
          1,
          1,
          null,
          null,
          null,
          1,
          1,
          0,
          null,
          1,
          1,
          8,
          1,
          1,
          1,
          null
        ]
      },
      "/Users/ryansmith/Turing/3mod/ics/nearest-fuel-station/app/helpers/application_helper.rb": {
        "lines": [
          1,
          1,
          null,
          3,
          null,
          null,
          null,
          null,
          null
        ]
      },
      "/Users/ryansmith/Turing/3mod/ics/nearest-fuel-station/app/helpers/search_helper.rb": {
        "lines": [
          1,
          null
        ]
      },
      "/Users/ryansmith/Turing/3mod/ics/nearest-fuel-station/spec/features/user_can_visit_welcome_page_spec.rb": {
        "lines": [
          1,
          null,
          1,
          1,
          0,
          0,
          0,
          0,
          null,
          null
        ]
      },
      "/Users/ryansmith/Turing/3mod/ics/nearest-fuel-station/spec/poros/directions_spec.rb": {
        "lines": [
          1,
          null,
          1,
          1,
          0,
          0,
          0,
          0,
          null,
          0,
          null,
          0,
          0,
          0,
          null,
          null
        ]
      },
      "/Users/ryansmith/Turing/3mod/ics/nearest-fuel-station/app/poros/directions.rb": {
        "lines": [
          1,
          1,
          null,
          null,
          null,
          1,
          4,
          4,
          4,
          null,
          null
        ]
      },
      "/Users/ryansmith/Turing/3mod/ics/nearest-fuel-station/spec/poros/station_spec.rb": {
        "lines": [
          1,
          null,
          1,
          1,
          null,
          0,
          null,
          null,
          null,
          null,
          null,
          null,
          null,
          null,
          null,
          null,
          null,
          null,
          null,
          null,
          null,
          null,
          null,
          null,
          null,
          null,
          null,
          null,
          null,
          null,
          null,
          null,
          null,
          null,
          null,
          null,
          null,
          null,
          null,
          null,
          null,
          null,
          null,
          null,
          null,
          null,
          null,
          null,
          null,
          null,
          null,
          null,
          null,
          null,
          null,
          null,
          null,
          null,
          null,
          null,
          null,
          null,
          null,
          null,
          null,
          null,
          null,
          null,
          null,
          null,
          null,
          null,
          null,
          null,
          null,
          null,
          null,
          null,
          null,
          null,
          null,
          null,
          0,
          null,
          0,
          0,
          0,
          0,
          0,
          null,
          null
        ]
      },
      "/Users/ryansmith/Turing/3mod/ics/nearest-fuel-station/app/poros/station.rb": {
        "lines": [
          1,
          1,
          null,
          null,
          null,
          null,
          null,
          null,
          null,
          1,
          5,
          5,
          5,
          5,
          5,
          5,
          5,
          null,
          null
        ]
      },
      "/Users/ryansmith/Turing/3mod/ics/nearest-fuel-station/spec/services/station_service_spec.rb": {
        "lines": [
          1,
          null,
          1,
          1,
          0,
          0,
          null,
          0,
          null,
          0,
          0,
          0,
          0,
          null,
          null
        ]
      },
      "/Users/ryansmith/Turing/3mod/ics/nearest-fuel-station/app/services/station_service.rb": {
        "lines": [
          1,
          null,
          1,
          5,
          5,
          null,
          null,
          1,
          1,
          5,
          5,
          null,
          null,
          null
        ]
      },
      "/Users/ryansmith/Turing/3mod/ics/nearest-fuel-station/app/controllers/welcome_controller.rb": {
        "lines": [
          1,
          1,
          null,
          null
        ]
      },
      "/Users/ryansmith/Turing/3mod/ics/nearest-fuel-station/app/controllers/application_controller.rb": {
        "lines": [
          1,
          1,
          null
        ]
      },
      "/Users/ryansmith/Turing/3mod/ics/nearest-fuel-station/app/controllers/search_controller.rb": {
        "lines": [
          1,
          1,
          3,
          3,
          null,
          null
        ]
      },
      "/Users/ryansmith/Turing/3mod/ics/nearest-fuel-station/app/facades /station_facade.rb": {
        "lines": [
          1,
          1,
          5,
          5,
          null,
          null
        ]
      },
      "/Users/ryansmith/Turing/3mod/ics/nearest-fuel-station/app/facades /directions_facade.rb": {
        "lines": [
          1,
          1,
          4,
          null,
          4,
          null,
          null
        ]
      },
      "/Users/ryansmith/Turing/3mod/ics/nearest-fuel-station/app/services/directions_service.rb": {
        "lines": [
          1,
          null,
          1,
          4,
          4,
          null,
          null,
          1,
          1,
          4,
          4,
          null,
          null,
          null,
          null,
          null,
          null
        ]
      }
    },
    "timestamp": 1667663803
  }
}
